DATE: ven. 02 août 2024 15:14:24 CEST
Experiment (3) with params 1000 100 0.4 10 100 200 0 0 1
Experiment (5) with params 1000 100 0.1 10 100 200 0 1 1
Experiment (2) with params 1000 100 0.3 10 100 200 0 0 1
Experiment (6) with params 1000 100 0.2 10 100 200 0 1 1
Experiment (4) with params 1000 100 0.5 10 100 200 0 0 1
Experiment (8) with params 1000 100 0.4 10 100 200 0 1 1
Experiment (9) with params 1000 100 0.5 10 100 200 0 1 1
Experiment (7) with params 1000 100 0.3 10 100 200 0 1 1
mkdir: impossible de créer le répertoire «analysis»: Le fichier existe
mkdir: mkdir: impossible de créer le répertoire «analysis»: Le fichier existe
impossible de créer le répertoire «analysis»: Le fichier existe
mkdir: impossible de créer le répertoire «analysis»: Le fichier existe
mkdir: mkdir: impossible de créer le répertoire «analysis»impossible de créer le répertoire «analysis»: Le fichier existe
: Le fichier existe
mkdir: impossible de créer le répertoire «./analysis/rho1»: Le fichier existe
mkdir: impossible de créer le répertoire «./analysis/rho1»: Le fichier existe
mkdir: impossible de créer le répertoire «./analysis/rho1/1000»: Le fichier existe
mkdir: impossible de créer le répertoire «analysis»: Le fichier existe
mkdir: mkdir: impossible de créer le répertoire «./analysis/rho0»: Le fichier existe
impossible de créer le répertoire «./analysis/rho1»: Le fichier existe
mkdir: impossible de créer le répertoire «./analysis/rho1»: Le fichier existe
mkdir: impossible de créer le répertoire «./analysis/rho0/1000»: Le fichier existe
mkdir: impossible de créer le répertoire «./analysis/rho1/1000»mkdir: : Le fichier existeimpossible de créer le répertoire «./analysis/rho1/1000»
: Le fichier existe
mkdir: impossible de créer le répertoire «analysis»: Le fichier existe
mkdir: impossible de créer le répertoire «./analysis/rho1/1000/aupe-merge»: Le fichier existe
./analysis/rho1/1000/aupe-merge/expe9/text50
mkdir: impossible de créer le répertoire «./analysis/rho0»: Le fichier existe
mkdir: ./analysis/rho1/1000/aupe-merge/expe5/text10
mkdir: impossible de créer le répertoire «./analysis/rho0/1000/aupe-merge»: Le fichier existemkdir: mkdir: impossible de créer le répertoire «./analysis/rho1/1000/aupe-merge»impossible de créer le répertoire «./analysis/rho1/1000/aupe-merge»: Le fichier existemkdir: : Le fichier existe

impossible de créer le répertoire «./analysis/rho1/1000»: Le fichier existe

impossible de créer le répertoire «./analysis/rho0/1000»: Le fichier existe
mkdir: impossible de créer le répertoire «./analysis/rho1/1000/aupe-merge»: Le fichier existe
mkdir: impossible de créer le répertoire «./analysis/rho0/1000/aupe-merge»: Le fichier existe
./analysis/rho0/1000/aupe-merge/expe4/text50
./analysis/rho1/1000/aupe-merge/expe7/text30
./analysis/rho1/1000/aupe-merge/expe6/text20
./analysis/rho0/1000/aupe-merge/expe3/text40
./analysis/rho0/1000/aupe-merge/expe2/text30
./analysis/rho1/1000/aupe-merge/expe8/text40
    Finished dev [unoptimized + debuginfo] target(s) in 0.12s
     Running `target/debug/aupe -T 200 -n 1000 aupe -O -G samples -f 10 -t 500 -v 100 -u 100 -k 1 -r 1 -m 100 -n 1000`
    Finished    Blocking waiting for file lock on package cache
 dev [unoptimized + debuginfo] target(s) in 0.24s
     Running `target/debug/aupe -T 200 -n 1000 aupe -O -G samples -f 10 -t 100 -v 100 -u 100 -k 1 -r 1 -m 100 -n 1000`
    Blocking waiting for file lock on package cache
    Blocking waiting for file lock on package cache
    Blocking    Blocking waiting for file lock on package cache
 waiting for file lock on package cache
    Blocking waiting for file lock on package cache
    Blocking waiting for file lock on package cache
    Finished dev [unoptimized + debuginfo] target(s) in 0.32s
    Blocking waiting for file lock on package cache
    Blocking waiting for file lock on package cache
    Blocking waiting for file lock on package cache
     Running `target/debug/aupe -T 200 -n 1000 aupe -O -G samples -f 10 -t 300 -v 100 -u 100 -k 1 -r 1 -m 100 -n 1000`
    Blocking waiting for file lock on package cache
    Finished dev [unoptimized + debuginfo] target(s) in 0.31s
     Running `target/debug/aupe -T 200 -n 1000 aupe -O -G samples -f 10 -t 400 -v 100 -u 100 -k 1 -r 1 -m 100 -n 1000`
    Blocking waiting for file lock on package cache
    Blocking waiting for file lock on package cache
    Blocking waiting for file lock on package cache
    Blocking waiting for file lock on package cache
    Blocking waiting for file lock on package cache
    Finished    Blocking    Blocking waiting for file lock on build directory
 waiting for file lock on build directory
    Blocking waiting for file lock on build directory
 dev [unoptimized + debuginfo] target(s) in 0.45s
     Running `target/debug/aupe -T 200 -n 1000 aupe -O -G samples -f 10 -t 200 -v 100 -u 100 -k 1 -r 1 -m 100 -n 1000`
    Finished dev [unoptimized + debuginfo] target(s) in 0.48s
     Running `target/debug/aupe -T 200 -n 1000 aupe -O -G samples -f 10 -t 500 -v 100 -u 100 -k 0 -r 1 -m 100 -n 1000`
    Finished dev [unoptimized + debuginfo] target(s) in 0.50s
     Running `target/debug/aupe -T 200 -n 1000 aupe -O -G samples -f 10 -t 400 -v 100 -u 100 -k 0 -r 1 -m 100 -n 1000`
    Finished dev [unoptimized + debuginfo] target(s) in 0.55s
     Running `target/debug/aupe -T 200 -n 1000 aupe -O -G samples -f 10 -t 300 -v 100 -u 100 -k 0 -r 1 -m 100 -n 1000`
Done------------------------
Done------------------------
Done------------------------
Done------------------------
Done------------------------
Done------------------------
Done------------------------
Done------------------------
Done------------------------
Done------------------------
